2015-03-20 00:00:31,175 INFO org.apache.hadoop.mapred.LocalJobRunner: reduce > reduce
2015-03-20 00:00:31,411 INFO org.apache.hadoop.mapreduce.Job:  map 100% reduce 80%
2015-03-20 00:00:43,177 INFO org.apache.hadoop.mapred.LocalJobRunner: reduce > reduce
2015-03-20 00:00:43,422 INFO org.apache.hadoop.mapreduce.Job:  map 100% reduce 87%
2015-03-20 00:00:55,179 INFO org.apache.hadoop.mapred.LocalJobRunner: reduce > reduce
2015-03-20 00:00:55,432 INFO org.apache.hadoop.mapreduce.Job:  map 100% reduce 93%
2015-03-20 00:01:16,179 INFO org.apache.hadoop.mapred.LocalJobRunner: reduce > reduce
2015-03-20 00:01:16,449 INFO org.apache.hadoop.mapreduce.Job:  map 100% reduce 100%
2015-03-20 00:01:25,181 INFO org.apache.hadoop.mapred.LocalJobRunner: reduce > reduce
2015-03-20 00:01:28,504 INFO org.apache.hadoop.mapred.Task: Task:attempt_local1357125367_0001_r_000000_0 is done. And is in the process of committing
2015-03-20 00:01:28,509 INFO org.apache.hadoop.mapred.LocalJobRunner: reduce > reduce
2015-03-20 00:01:28,509 INFO org.apache.hadoop.mapred.Task: Task attempt_local1357125367_0001_r_000000_0 is allowed to commit now
2015-03-20 00:01:28,535 INFO org.apache.hadoop.mapreduce.lib.output.FileOutputCommitter: Saved output of task 'attempt_local1357125367_0001_r_000000_0' to hdfs://192.168.137.3:9000/pan/designpattens/summarization/MedianStdDev/out/_temporary/0/task_local1357125367_0001_r_000000
2015-03-20 00:01:28,537 INFO org.apache.hadoop.mapred.LocalJobRunner: reduce > reduce
2015-03-20 00:01:28,537 INFO org.apache.hadoop.mapred.Task: Task 'attempt_local1357125367_0001_r_000000_0' done.
2015-03-20 00:01:28,537 INFO org.apache.hadoop.mapred.LocalJobRunner: Finishing task: attempt_local1357125367_0001_r_000000_0
2015-03-20 00:01:28,537 INFO org.apache.hadoop.mapred.LocalJobRunner: reduce task executor complete.
2015-03-20 00:01:29,465 INFO org.apache.hadoop.mapreduce.Job: Job job_local1357125367_0001 completed successfully
2015-03-20 00:01:29,493 INFO org.apache.hadoop.mapreduce.Job: Counters: 38
	File System Counters
		FILE: Number of bytes read=3130
		FILE: Number of bytes written=488652
		FILE: Number of read operations=0
		FILE: Number of large read operations=0
		FILE: Number of write operations=0
		HDFS: Number of bytes read=210
		HDFS: Number of bytes written=47
		HDFS: Number of read operations=17
		HDFS: Number of large read operations=0
		HDFS: Number of write operations=6
	Map-Reduce Framework
		Map input records=15
		Map output records=15
		Map output bytes=2220
		Map output materialized bytes=1358
		Input split bytes=140
		Combine input records=15
		Combine output records=6
		Reduce input groups=6
		Reduce shuffle bytes=1358
		Reduce input records=6
		Reduce output records=6
		Spilled Records=12
		Shuffled Maps =1
		Failed Shuffles=0
		Merged Map outputs=1
		GC time elapsed (ms)=13
		CPU time spent (ms)=0
		Physical memory (bytes) snapshot=0
		Virtual memory (bytes) snapshot=0
		Total committed heap usage (bytes)=499646464
	Shuffle Errors
		BAD_ID=0
		CONNECTION=0
		IO_ERROR=0
		WRONG_LENGTH=0
		WRONG_MAP=0
		WRONG_REDUCE=0
	File Input Format Counters 
		Bytes Read=105
	File Output Format Counters 
		Bytes Written=47
